<?xml version="1.0" encoding="UTF-8"?>
<testsuite xmlns:xsi="http://www.w3.org/2001/XMLSchema-instance" xsi:noNamespaceSchemaLocation="https://maven.apache.org/surefire/maven-surefire-plugin/xsd/surefire-test-report-3.0.xsd" version="3.0" name="task4.LoginFormTest" time="0.069" tests="14" errors="0" skipped="0" failures="0">
  <properties>
    <property name="java.specification.version" value="17"/>
    <property name="sun.cpu.isalist" value="amd64"/>
    <property name="sun.jnu.encoding" value="Cp1252"/>
    <property name="java.class.path" value="C:\Users\mahafonov\Downloads\practicalCourse\target\test-classes;C:\Users\mahafonov\Downloads\practicalCourse\target\classes;C:\Users\mahafonov\.m2\repository\org\junit\jupiter\junit-jupiter-engine\5.10.2\junit-jupiter-engine-5.10.2.jar;C:\Users\mahafonov\.m2\repository\org\junit\platform\junit-platform-engine\1.10.2\junit-platform-engine-1.10.2.jar;C:\Users\mahafonov\.m2\repository\org\apiguardian\apiguardian-api\1.1.2\apiguardian-api-1.1.2.jar;C:\Users\mahafonov\.m2\repository\org\junit\jupiter\junit-jupiter-params\5.10.2\junit-jupiter-params-5.10.2.jar;C:\Users\mahafonov\.m2\repository\org\junit\jupiter\junit-jupiter-api\5.10.2\junit-jupiter-api-5.10.2.jar;C:\Users\mahafonov\.m2\repository\org\opentest4j\opentest4j\1.3.0\opentest4j-1.3.0.jar;C:\Users\mahafonov\.m2\repository\org\junit\platform\junit-platform-commons\1.10.2\junit-platform-commons-1.10.2.jar;C:\Users\mahafonov\.m2\repository\org\projectlombok\lombok\1.18.30\lombok-1.18.30.jar;C:\Users\mahafonov\.m2\repository\io\github\hakky54\consolecaptor\1.0.2\consolecaptor-1.0.2.jar;C:\Users\mahafonov\.m2\repository\com\github\javafaker\javafaker\1.0.2\javafaker-1.0.2.jar;C:\Users\mahafonov\.m2\repository\org\apache\commons\commons-lang3\3.5\commons-lang3-3.5.jar;C:\Users\mahafonov\.m2\repository\org\yaml\snakeyaml\1.23\snakeyaml-1.23-android.jar;C:\Users\mahafonov\.m2\repository\com\github\mifmif\generex\1.0.2\generex-1.0.2.jar;C:\Users\mahafonov\.m2\repository\dk\brics\automaton\automaton\1.11-8\automaton-1.11-8.jar;"/>
    <property name="java.vm.vendor" value="JetBrains s.r.o."/>
    <property name="sun.arch.data.model" value="64"/>
    <property name="user.variant" value=""/>
    <property name="java.vendor.url" value="https://openjdk.java.net/"/>
    <property name="user.timezone" value="Europe/Kiev"/>
    <property name="os.name" value="Windows 11"/>
    <property name="java.vm.specification.version" value="17"/>
    <property name="sun.java.launcher" value="SUN_STANDARD"/>
    <property name="user.country" value="US"/>
    <property name="sun.boot.library.path" value="C:\Program Files\JetBrains\IntelliJ IDEA Community Edition 2024.1.3\jbr\bin"/>
    <property name="sun.java.command" value="C:\Users\mahafonov\AppData\Local\Temp\surefire5973550225509793240\surefirebooter6242624952916823609.jar C:\Users\mahafonov\AppData\Local\Temp\surefire5973550225509793240 2024-12-24T17-28-26_165-jvmRun1 surefire3510507817679669215tmp surefire_05760927932312500548tmp"/>
    <property name="jdk.debug" value="release"/>
    <property name="surefire.test.class.path" value="C:\Users\mahafonov\Downloads\practicalCourse\target\test-classes;C:\Users\mahafonov\Downloads\practicalCourse\target\classes;C:\Users\mahafonov\.m2\repository\org\junit\jupiter\junit-jupiter-engine\5.10.2\junit-jupiter-engine-5.10.2.jar;C:\Users\mahafonov\.m2\repository\org\junit\platform\junit-platform-engine\1.10.2\junit-platform-engine-1.10.2.jar;C:\Users\mahafonov\.m2\repository\org\apiguardian\apiguardian-api\1.1.2\apiguardian-api-1.1.2.jar;C:\Users\mahafonov\.m2\repository\org\junit\jupiter\junit-jupiter-params\5.10.2\junit-jupiter-params-5.10.2.jar;C:\Users\mahafonov\.m2\repository\org\junit\jupiter\junit-jupiter-api\5.10.2\junit-jupiter-api-5.10.2.jar;C:\Users\mahafonov\.m2\repository\org\opentest4j\opentest4j\1.3.0\opentest4j-1.3.0.jar;C:\Users\mahafonov\.m2\repository\org\junit\platform\junit-platform-commons\1.10.2\junit-platform-commons-1.10.2.jar;C:\Users\mahafonov\.m2\repository\org\projectlombok\lombok\1.18.30\lombok-1.18.30.jar;C:\Users\mahafonov\.m2\repository\io\github\hakky54\consolecaptor\1.0.2\consolecaptor-1.0.2.jar;C:\Users\mahafonov\.m2\repository\com\github\javafaker\javafaker\1.0.2\javafaker-1.0.2.jar;C:\Users\mahafonov\.m2\repository\org\apache\commons\commons-lang3\3.5\commons-lang3-3.5.jar;C:\Users\mahafonov\.m2\repository\org\yaml\snakeyaml\1.23\snakeyaml-1.23-android.jar;C:\Users\mahafonov\.m2\repository\com\github\mifmif\generex\1.0.2\generex-1.0.2.jar;C:\Users\mahafonov\.m2\repository\dk\brics\automaton\automaton\1.11-8\automaton-1.11-8.jar;"/>
    <property name="sun.cpu.endian" value="little"/>
    <property name="user.home" value="C:\Users\mahafonov"/>
    <property name="user.language" value="en"/>
    <property name="java.specification.vendor" value="Oracle Corporation"/>
    <property name="java.version.date" value="2024-04-16"/>
    <property name="java.home" value="C:\Program Files\JetBrains\IntelliJ IDEA Community Edition 2024.1.3\jbr"/>
    <property name="file.separator" value="\"/>
    <property name="basedir" value="C:\Users\mahafonov\Downloads\practicalCourse"/>
    <property name="java.vm.compressedOopsMode" value="Zero based"/>
    <property name="line.separator" value="&#10;"/>
    <property name="java.vm.specification.vendor" value="Oracle Corporation"/>
    <property name="java.specification.name" value="Java Platform API Specification"/>
    <property name="intellij.os.virtualization" value="none"/>
    <property name="jbr.virtualization.information" value="Hyper-V role"/>
    <property name="surefire.real.class.path" value="C:\Users\mahafonov\AppData\Local\Temp\surefire5973550225509793240\surefirebooter6242624952916823609.jar"/>
    <property name="user.script" value=""/>
    <property name="sun.management.compiler" value="HotSpot 64-Bit Tiered Compilers"/>
    <property name="java.runtime.version" value="17.0.11+1-b1207.24"/>
    <property name="user.name" value="mahafonov"/>
    <property name="path.separator" value=";"/>
    <property name="os.version" value="10.0"/>
    <property name="java.runtime.name" value="OpenJDK Runtime Environment"/>
    <property name="file.encoding" value="Cp1252"/>
    <property name="java.vm.name" value="OpenJDK 64-Bit Server VM"/>
    <property name="java.vendor.version" value="JBR-17.0.11+1-1207.24-jcef"/>
    <property name="localRepository" value="C:\Users\mahafonov\.m2\repository"/>
    <property name="java.vendor.url.bug" value="https://bugreport.java.com/bugreport/"/>
    <property name="java.io.tmpdir" value="C:\Users\MAHAFO~2\AppData\Local\Temp\"/>
    <property name="idea.version" value="2024.1.3"/>
    <property name="java.version" value="17.0.11"/>
    <property name="user.dir" value="C:\Users\mahafonov\Downloads\practicalCourse"/>
    <property name="os.arch" value="amd64"/>
    <property name="java.vm.specification.name" value="Java Virtual Machine Specification"/>
    <property name="sun.os.patch.level" value=""/>
    <property name="native.encoding" value="Cp1252"/>
    <property name="java.library.path" value="C:\Program Files\JetBrains\IntelliJ IDEA Community Edition 2024.1.3\jbr\bin;C:\WINDOWS\Sun\Java\bin;C:\WINDOWS\system32;C:\WINDOWS;C:\Program Files\Zulu\zulu-17\bin\;C:\WINDOWS\system32;C:\WINDOWS;C:\WINDOWS\System32\Wbem;C:\WINDOWS\System32\WindowsPowerShell\v1.0\;C:\WINDOWS\System32\OpenSSH\;C:\Program Files\Microsoft VS Code\bin;C:\Program Files\nodejs\;C:\Program Files\Git\cmd;C:\Program Files\PuTTY\;C:\Users\mahafonov\AppData\Local\Microsoft\WindowsApps;C:\Users\mahafonov\.m2\apache-maven-3.9.6\bin;C:\Users\mahafonov\AppData\Roaming\npm;C:\Users\mahafonov\AppData\Local\Microsoft\WinGet\Packages\Schniz.fnm_Microsoft.Winget.Source_8wekyb3d8bbwe;;."/>
    <property name="java.vm.info" value="mixed mode"/>
    <property name="java.vendor" value="JetBrains s.r.o."/>
    <property name="java.vm.version" value="17.0.11+1-b1207.24"/>
    <property name="sun.io.unicode.encoding" value="UnicodeLittle"/>
    <property name="java.class.version" value="61.0"/>
  </properties>
  <testcase name="testAuthenticationWithEmptyUsernameThrowsException" classname="task4.LoginFormTest" time="0.023"/>
  <testcase name="testChangePasswordFailsWithIncorrectCurrentPassword" classname="task4.LoginFormTest" time="0.002"/>
  <testcase name="testAuthenticationWithEmptyCredentials" classname="task4.LoginFormTest" time="0.002"/>
  <testcase name="testChangePasswordSuccessfully" classname="task4.LoginFormTest" time="0.002"/>
  <testcase name="testAuthenticationFailsAfterAccountIsLocked" classname="task4.LoginFormTest" time="0.002"/>
  <testcase name="testChangePasswordForLockedAccount" classname="task4.LoginFormTest" time="0.001"/>
  <testcase name="inheritsFromRegistrationForm" classname="task4.LoginFormTest" time="0.001"/>
  <testcase name="defaultConstructorIsInherited" classname="task4.LoginFormTest" time="0.001"/>
  <testcase name="testSuccessfulAuthentication" classname="task4.LoginFormTest" time="0.002"/>
  <testcase name="testAuthenticationFailsWithIncorrectPassword" classname="task4.LoginFormTest" time="0.001"/>
  <testcase name="classIsPublic" classname="task4.LoginFormTest" time="0.001"/>
  <testcase name="testAccountLockoutAfterThreeFailedAttempts" classname="task4.LoginFormTest" time="0.001"/>
  <testcase name="testChangePasswordWithInvalidNewPassword" classname="task4.LoginFormTest" time="0.001"/>
  <testcase name="parameterizedConstructorIsInherited" classname="task4.LoginFormTest" time="0.001"/>
</testsuite>